Watching for file changes with StatReloader
Performing system checks...

System check identified some issues:

WARNINGS:
todos.Todo: (models.W042) Auto-created primary key used when not defining a primary key type, by default 'django.db.models.AutoField'.
	HINT: Configure the DEFAULT_AUTO_FIELD setting or the TodosConfig.default_auto_field attribute to point to a subclass of AutoField, e.g. 'django.db.models.BigAutoField'.

System check identified 1 issue (0 silenced).
September 14, 2022 - 18:03:01
Django version 4.1.1, using settings 'todoApp.settings'
Starting development server at http://0.0.0.0:8001/
Quit the server with CONTROL-C.
[14/Sep/2022 18:03:10] "GET /todos/ HTTP/1.1" 200 4686
[14/Sep/2022 18:03:17] "GET /todos/ HTTP/1.1" 200 4686
[14/Sep/2022 18:03:20] "GET /todos/ HTTP/1.1" 200 4686
[14/Sep/2022 18:03:23] "POST /todos/add/ HTTP/1.1" 302 0
[14/Sep/2022 18:03:24] "GET /todos/ HTTP/1.1" 200 5263
[14/Sep/2022 18:03:27] "POST /todos/24/update HTTP/1.1" 302 0
[14/Sep/2022 18:03:28] "GET /todos/ HTTP/1.1" 200 5300
[14/Sep/2022 18:03:29] "POST /todos/24/update HTTP/1.1" 302 0
[14/Sep/2022 18:03:30] "GET /todos/ HTTP/1.1" 200 5263
